2025-07-31 09:27:33,077 - root - INFO - Connected to the database successfully.
2025-07-31 09:27:33,122 - root - INFO - Connected to the database successfully.
2025-07-31 09:27:33,176 - root - INFO - Connected to the database successfully for not_in_erp operations.
2025-07-31 09:27:33,176 - __main__ - INFO - Starting data export...
2025-07-31 09:27:33,176 - __main__ - INFO - Exporting main data...
2025-07-31 09:27:33,322 - root - INFO - Data exported to C:\Users\gia.luongdo\Desktop\ERP-Importer\IMPORTER_ARTICLE_Neuanlage_Basis.csv
2025-07-31 09:27:34,363 - root - INFO - Data exported to C:\Users\gia.luongdo\Desktop\ERP-Importer\IMPORTER_SKU_CLASSIFICATION_Classification_Basis.csv
2025-07-31 09:27:34,389 - root - INFO - Data exported to C:\Users\gia.luongdo\Desktop\ERP-Importer\IMPORTER_ARTICLE_ASSIGNMENT_Zuordnung_Basis.csv
2025-07-31 09:27:34,410 - root - INFO - Data exported to C:\Users\gia.luongdo\Desktop\ERP-Importer\IMPORTER_ARTICLE_KEYWORD_Schlüsselworte_Basis.csv
2025-07-31 09:27:34,522 - root - INFO - Data exported to C:\Users\gia.luongdo\Desktop\ERP-Importer\IMPORTER_SKU_Neuanlage_Basis.csv
2025-07-31 09:27:34,601 - root - INFO - Data exported to C:\Users\gia.luongdo\Desktop\ERP-Importer\IMPORTER_SKU_Keyword.csv
2025-07-31 09:27:34,642 - root - INFO - Data exported to C:\Users\gia.luongdo\Desktop\ERP-Importer\IMPORTER_ARTICLE_CLASSIFICATION_Merkmale_Basis.csv
2025-07-31 09:27:34,642 - __main__ - INFO - Exporting NOT IN ERP data...
2025-07-31 09:27:34,665 - root - INFO - Data exported to C:\Users\gia.luongdo\Desktop\ERP-Importer\IMPORTER_SKU_BASIS_notinERP.csv
2025-07-31 09:27:34,665 - root - INFO - Processed 0 records filtered by CSV file
2025-07-31 09:27:34,702 - root - INFO - Classification data exported to C:\Users\gia.luongdo\Desktop\ERP-Importer\IMPORTER_SKU_CLASSIFICATION_Classification_Basis_notinERP.csv
2025-07-31 09:27:34,703 - root - INFO - Processed 0 classification records filtered by CSV file
2025-07-31 09:27:34,712 - root - INFO - Keyword data exported to C:\Users\gia.luongdo\Desktop\ERP-Importer\IMPORTER_SKU_Keyword_notinERP.csv
2025-07-31 09:27:34,712 - root - INFO - Processed 0 keyword records filtered by CSV file
2025-07-31 09:27:34,712 - __main__ - INFO - All data has been exported successfully!
2025-07-31 09:27:34,712 - __main__ - INFO - Closing database connections...
