2025-07-31 10:51:03,734 - root - INFO - Connected to the database successfully.
2025-07-31 10:51:03,782 - root - INFO - Connected to the database successfully.
2025-07-31 10:51:03,849 - root - INFO - Connected to the database successfully for not_in_erp operations.
2025-07-31 10:51:03,918 - root - INFO - Connected to the database successfully for article not_in_erp operations.
2025-07-31 10:51:03,918 - __main__ - INFO - Starting data export...
2025-07-31 10:51:03,918 - __main__ - INFO - Exporting main data...
2025-07-31 10:51:03,982 - root - INFO - Data exported to C:\Users\gia.luongdo\Desktop\ERP-Importer\IMPORTER_ARTICLE_Neuanlage_Basis.csv
2025-07-31 10:51:04,727 - root - INFO - Data exported to C:\Users\gia.luongdo\Desktop\ERP-Importer\IMPORTER_SKU_CLASSIFICATION_Classification_Basis.csv
2025-07-31 10:51:04,743 - root - INFO - Data exported to C:\Users\gia.luongdo\Desktop\ERP-Importer\IMPORTER_ARTICLE_ASSIGNMENT_Zuordnung_Basis.csv
2025-07-31 10:51:04,755 - root - INFO - Data exported to C:\Users\gia.luongdo\Desktop\ERP-Importer\IMPORTER_ARTICLE_KEYWORD_Schlüsselworte_Basis.csv
2025-07-31 10:51:04,915 - root - INFO - Data exported to C:\Users\gia.luongdo\Desktop\ERP-Importer\IMPORTER_SKU_Neuanlage_Basis.csv
2025-07-31 10:51:05,064 - root - INFO - Data exported to C:\Users\gia.luongdo\Desktop\ERP-Importer\IMPORTER_SKU_Keyword.csv
2025-07-31 10:51:05,167 - root - INFO - Data exported to C:\Users\gia.luongdo\Desktop\ERP-Importer\IMPORTER_ARTICLE_CLASSIFICATION_Merkmale_Basis.csv
2025-07-31 10:51:05,168 - __main__ - INFO - Exporting NOT IN ERP data...
2025-07-31 10:51:05,202 - root - INFO - Data exported to C:\Users\gia.luongdo\Desktop\ERP-Importer\IMPORTER_SKU_BASIS_notinERP.csv
2025-07-31 10:51:05,203 - root - INFO - Processed 0 records filtered by CSV file
2025-07-31 10:51:05,271 - root - INFO - Classification data exported to C:\Users\gia.luongdo\Desktop\ERP-Importer\IMPORTER_SKU_CLASSIFICATION_Classification_Basis_notinERP.csv
2025-07-31 10:51:05,271 - root - INFO - Processed 0 classification records filtered by CSV file
2025-07-31 10:51:05,292 - root - INFO - Keyword data exported to C:\Users\gia.luongdo\Desktop\ERP-Importer\IMPORTER_SKU_Keyword_notinERP.csv
2025-07-31 10:51:05,293 - root - INFO - Processed 0 keyword records filtered by CSV file
2025-07-31 10:51:05,336 - root - INFO - Data exported to C:\Users\gia.luongdo\Desktop\ERP-Importer\IMPORTER_ARTICLE_Neuanlage_Basis_notinERP.csv
2025-07-31 10:51:05,337 - root - INFO - Processed 8 records filtered by CSV file
2025-07-31 10:51:05,368 - root - ERROR - Error in read_and_write_classification_data_not_in_erp: 'Series' object has no attribute 'columns'
Traceback (most recent call last):
  File "c:\Users\gia.luongdo\Python\erp_import_old\Importer_Article_not_in_erp.py", line 204, in read_and_write_classification_data_not_in_erp
    value = feature_value(row)
            ^^^^^^^^^^^^^^^^^^
  File "c:\Users\gia.luongdo\Python\erp_import_old\Importer_Article_not_in_erp.py", line 164, in <lambda>
    ('Partnerlook', lambda x: x['Artikel_Partner'].str[:4] if 'Artikel_Partner' in x.columns else ''),
                                                                                   ^^^^^^^^^
  File "C:\Users\gia.luongdo\AppData\Local\Packages\PythonSoftwareFoundation.Python.3.11_qbz5n2kfra8p0\LocalCache\local-packages\Python311\site-packages\pandas\core\generic.py", line 6318, in __getattr__
    return object.__getattribute__(self, name)
           ^^^^^^^^^^^^^^^^^^^^^^^^^^^^^^^^^^^
AttributeError: 'Series' object has no attribute 'columns'
2025-07-31 10:51:05,422 - root - INFO - Data exported to C:\\Users\\gia.luongdo\\Desktop\\ERP-Importer\\IMPORTER_ARTICLE_ASSIGNMENT_Zuordnung_Basis_notinERP.csv
2025-07-31 10:51:05,423 - root - INFO - Processed 12 assignment records
2025-07-31 10:51:05,457 - root - INFO - Data exported to C:\\Users\\gia.luongdo\\Desktop\\ERP-Importer\\IMPORTER_ARTICLE_KEYWORD_Schlüsselworte_Basis_notinERP.csv
2025-07-31 10:51:05,458 - root - INFO - Processed 8 keyword records
2025-07-31 10:51:05,459 - __main__ - INFO - All data has been exported successfully!
2025-07-31 10:51:05,460 - __main__ - INFO - Closing database connections...
