2025-07-31 12:06:13,963 - root - INFO - Connected to the database successfully.
2025-07-31 12:06:14,001 - root - INFO - Connected to the database successfully.
2025-07-31 12:06:14,047 - root - INFO - Connected to the database successfully for not_in_erp operations.
2025-07-31 12:06:14,083 - root - INFO - Connected to the database successfully for article not_in_erp operations.
2025-07-31 12:06:14,085 - __main__ - INFO - Starting data export...
2025-07-31 12:06:14,085 - __main__ - INFO - Exporting main data...
2025-07-31 12:06:14,130 - root - INFO - Data exported to C:\Users\gia.luongdo\Desktop\ERP-Importer\IMPORTER_ARTICLE_Neuanlage_Basis.csv
2025-07-31 12:06:14,736 - root - INFO - Data exported to C:\Users\gia.luongdo\Desktop\ERP-Importer\IMPORTER_SKU_CLASSIFICATION_Classification_Basis.csv
2025-07-31 12:06:14,755 - root - INFO - Data exported to C:\Users\gia.luongdo\Desktop\ERP-Importer\IMPORTER_ARTICLE_ASSIGNMENT_Zuordnung_Basis.csv
2025-07-31 12:06:14,770 - root - INFO - Data exported to C:\Users\gia.luongdo\Desktop\ERP-Importer\IMPORTER_ARTICLE_KEYWORD_Schlüsselworte_Basis.csv
2025-07-31 12:06:14,904 - root - INFO - Data exported to C:\Users\gia.luongdo\Desktop\ERP-Importer\IMPORTER_SKU_Neuanlage_Basis.csv
2025-07-31 12:06:14,982 - root - INFO - Data exported to C:\Users\gia.luongdo\Desktop\ERP-Importer\IMPORTER_SKU_Keyword.csv
2025-07-31 12:06:15,025 - root - INFO - Data exported to C:\Users\gia.luongdo\Desktop\ERP-Importer\IMPORTER_ARTICLE_CLASSIFICATION_Merkmale_Basis.csv
2025-07-31 12:06:15,026 - __main__ - INFO - Exporting NOT IN ERP data...
2025-07-31 12:06:15,043 - root - INFO - Data exported to C:\Users\gia.luongdo\Desktop\ERP-Importer\IMPORTER_SKU_BASIS_notinERP.csv
2025-07-31 12:06:15,043 - root - INFO - Processed 0 records filtered by CSV file
2025-07-31 12:06:15,080 - root - INFO - Classification data exported to C:\Users\gia.luongdo\Desktop\ERP-Importer\IMPORTER_SKU_CLASSIFICATION_Classification_Basis_notinERP.csv
2025-07-31 12:06:15,080 - root - INFO - Processed 0 classification records filtered by CSV file
2025-07-31 12:06:15,090 - root - INFO - Keyword data exported to C:\Users\gia.luongdo\Desktop\ERP-Importer\IMPORTER_SKU_Keyword_notinERP.csv
2025-07-31 12:06:15,090 - root - INFO - Processed 0 keyword records filtered by CSV file
2025-07-31 12:06:15,108 - root - ERROR - Error in read_and_write_article_data_not_in_erp: [Errno 13] Permission denied: 'C:\\Users\\gia.luongdo\\Desktop\\ERP-Importer\\IMPORTER_ARTICLE_Neuanlage_Basis_notinERP.csv'
Traceback (most recent call last):
  File "c:\Users\gia.luongdo\Python\erp_import_old\Importer_Article_not_in_erp.py", line 101, in read_and_write_article_data_not_in_erp
    df.to_csv(output_file, index=False, encoding='utf-8-sig', sep=';', errors='ignore')
  File "C:\Users\gia.luongdo\AppData\Local\Packages\PythonSoftwareFoundation.Python.3.11_qbz5n2kfra8p0\LocalCache\local-packages\Python311\site-packages\pandas\util\_decorators.py", line 333, in wrapper
    return func(*args, **kwargs)
           ^^^^^^^^^^^^^^^^^^^^^
  File "C:\Users\gia.luongdo\AppData\Local\Packages\PythonSoftwareFoundation.Python.3.11_qbz5n2kfra8p0\LocalCache\local-packages\Python311\site-packages\pandas\core\generic.py", line 3986, in to_csv
    return DataFrameRenderer(formatter).to_csv(
           ^^^^^^^^^^^^^^^^^^^^^^^^^^^^^^^^^^^^
  File "C:\Users\gia.luongdo\AppData\Local\Packages\PythonSoftwareFoundation.Python.3.11_qbz5n2kfra8p0\LocalCache\local-packages\Python311\site-packages\pandas\io\formats\format.py", line 1014, in to_csv
    csv_formatter.save()
  File "C:\Users\gia.luongdo\AppData\Local\Packages\PythonSoftwareFoundation.Python.3.11_qbz5n2kfra8p0\LocalCache\local-packages\Python311\site-packages\pandas\io\formats\csvs.py", line 251, in save
    with get_handle(
         ^^^^^^^^^^^
  File "C:\Users\gia.luongdo\AppData\Local\Packages\PythonSoftwareFoundation.Python.3.11_qbz5n2kfra8p0\LocalCache\local-packages\Python311\site-packages\pandas\io\common.py", line 873, in get_handle
    handle = open(
             ^^^^^
PermissionError: [Errno 13] Permission denied: 'C:\\Users\\gia.luongdo\\Desktop\\ERP-Importer\\IMPORTER_ARTICLE_Neuanlage_Basis_notinERP.csv'
2025-07-31 12:06:15,165 - root - ERROR - Error in read_and_write_classification_data_not_in_erp: 'Series' object has no attribute 'columns'
Traceback (most recent call last):
  File "c:\Users\gia.luongdo\Python\erp_import_old\Importer_Article_not_in_erp.py", line 204, in read_and_write_classification_data_not_in_erp
    value = feature_value(row)
            ^^^^^^^^^^^^^^^^^^
  File "c:\Users\gia.luongdo\Python\erp_import_old\Importer_Article_not_in_erp.py", line 164, in <lambda>
    ('Partnerlook', lambda x: x['Artikel_Partner'].str[:4] if 'Artikel_Partner' in x.columns else ''),
                                                                                   ^^^^^^^^^
  File "C:\Users\gia.luongdo\AppData\Local\Packages\PythonSoftwareFoundation.Python.3.11_qbz5n2kfra8p0\LocalCache\local-packages\Python311\site-packages\pandas\core\generic.py", line 6318, in __getattr__
    return object.__getattribute__(self, name)
           ^^^^^^^^^^^^^^^^^^^^^^^^^^^^^^^^^^^
AttributeError: 'Series' object has no attribute 'columns'
2025-07-31 12:06:15,185 - root - INFO - Data exported to C:\\Users\\gia.luongdo\\Desktop\\ERP-Importer\\IMPORTER_ARTICLE_ASSIGNMENT_Zuordnung_Basis_notinERP.csv
2025-07-31 12:06:15,186 - root - INFO - Processed 12 assignment records
2025-07-31 12:06:15,202 - root - INFO - Data exported to C:\\Users\\gia.luongdo\\Desktop\\ERP-Importer\\IMPORTER_ARTICLE_KEYWORD_Schlüsselworte_Basis_notinERP.csv
2025-07-31 12:06:15,202 - root - INFO - Processed 8 keyword records
2025-07-31 12:06:15,202 - __main__ - INFO - All data has been exported successfully!
2025-07-31 12:06:15,202 - __main__ - INFO - Closing database connections...
